<?xml version="1.0" encoding="UTF-8"?>
<testsuite name="/Users/admin/Documents/zhaoxuhua/autotest/ui_web_test"
           tests="4"
           failures="1"
           errors="0"
           skipped="0"
           time="5.788">
  <properties />
            <testcase name="testLoginError" time="0.179" classname="com.creditease.zxh.cases.LoginCase">
                <failure type="java.lang.NullPointerException"
                  message="(null)"
              >
<![CDATA[java.lang.NullPointerException
  com.creditease.zxh.handle.LoginHandle.sendEmail(LoginHandle.java:22)
  com.creditease.zxh.cases.LoginCase.testLoginError(LoginCase.java:92)
  sun.reflect.NativeMethodAccessorImpl.invoke0(Native Method)
  sun.reflect.NativeMethodAccessorImpl.invoke(NativeMethodAccessorImpl.java:62)
  sun.reflect.DelegatingMethodAccessorImpl.invoke(DelegatingMethodAccessorImpl.java:43)
  java.lang.reflect.Method.invoke(Method.java:498)
  org.testng.internal.MethodInvocationHelper.invokeMethod(MethodInvocationHelper.java:86)
  org.testng.internal.Invoker.invokeMethod(Invoker.java:643)
  org.testng.internal.Invoker.invokeTestMethod(Invoker.java:820)
  org.testng.internal.Invoker.invokeTestMethods(Invoker.java:1128)
  org.testng.internal.TestMethodWorker.invokeTestMethods(TestMethodWorker.java:129)
  org.testng.internal.TestMethodWorker.run(TestMethodWorker.java:112)
  org.testng.TestRunner.privateRun(TestRunner.java:782)
  org.testng.TestRunner.run(TestRunner.java:632)
  org.testng.SuiteRunner.runTest(SuiteRunner.java:366)
  org.testng.SuiteRunner.access$000(SuiteRunner.java:39)
  org.testng.SuiteRunner$SuiteWorker.run(SuiteRunner.java:400)
  org.testng.internal.thread.ThreadUtil$2.call(ThreadUtil.java:64)
  java.util.concurrent.FutureTask.run(FutureTask.java:266)
  java.util.concurrent.ThreadPoolExecutor.runWorker(ThreadPoolExecutor.java:1149)
  java.util.concurrent.ThreadPoolExecutor$Worker.run(ThreadPoolExecutor.java:624)
  java.lang.Thread.run(Thread.java:748)
]]>
      </failure>

          </testcase>
  
  
            <testcase name="test01" time="0.007" classname="com.creditease.zxh.cases.LoginCase" />
                <testcase name="test02" time="0.001" classname="com.creditease.zxh.cases.LoginCase" />
                <testcase name="testLoginSuccess" time="5.601" classname="com.creditease.zxh.cases.LoginCase" />
      
</testsuite>
